; this file was generated by below command 
;  ../DTS   -in   input.dts   -top   top.top   
;------------------------------------------  
Integrator = MC_B
MC_Moves = 1  1  1  1  1
Initial_Step = 1
Final_Step = 2000000
MinfaceAngle = -0.5
OutPutEnergy_periodic = 100
Restart_periodic = 10000
TopologyFile = top.top
Seed = 36723
Kappa = 2.5  1
Display_periodic = 100
CNTCELL = 2 2 2 
GeneralOutputFilename = output
Min_Max_LinkLenghtsSquare = 1  3
OutPutTRJ_TSI = 1000  10  TrjTSI  
OutPutTRJ_BTS = 0  1  dts.bts  
INCLUSION
Define 3 Inclusions 
 SRotation Type   K  KG KP KL C0 C0P C0L 
0  noinc  0    0    0    0    0    0    0  
1  Pro1  20    10    150    30    0    0    0  
2  Pro2  20    0    0    0    0    0    0  
