;--------- this state is initiated by this command ---------------------------------  
../DTS   -in   input.dts   -top   top.top   
;--------- this part can be used as an input.dts file ---------------------------------  
 Run_Tag = dts
;-- abstract classes
Integrator_Type = MC_Simulation
 Min_Max_Lenghts = 1 3
 MinfaceAngle = -0.5
 Temprature = 1 0
 Box_Centering_F = 0
 Set_Steps = 1 50000
Boundary = PBC
VertexPositionIntegrator = MetropolisAlgorithmOpenMP 1 1 0.05
AlexanderMove = MetropolisAlgorithmOpenMP 0.3
InclusionPoseIntegrator = MetropolisAlgorithm 1 1
VectorFieldsRotation = MetropolisAlgorithm 1 0.1
NonbinaryTrajectory = TSI TrajTSI 1000
BinaryTrajectory = NoFile
VisualizationFormat = VTUFileFormat VTU_F 1000
CurvatureMethod = ShapeOperator_1
EnergyMethod = FreeDTS1.0_FF
 Kappa = 10 0 0
 Edge_Parameters = 0 0 0
 VertexArea = 0 0 0 0
ConstraintBetweenGroups = No
InclusionInducedForceOnVertex = No
VectorFieldsForceOnVertex = No
ForceOnVertices = No
ExternalFieldOnVectorFields = No
ExternalFieldOnInclusions = No
InclusionConversion = No
VertexAdhesionToSubstrate = No
VolumeCoupling = No
GlobalCurvatureCoupling = No
TotalAreaCoupling = HarmonicPotential 0 0.34
Dynamic_Box = IsotropicFrameTensionOpenMP 1 0 XY
DynamicTopology = No
OpenEdgeEvolution = No
TimeSeriesData_Period = 100
Restart_Period  =  1000
;------------------------------------------  
; the total number of thread used in this run was: 10
;--------- this state is initiated by this command ---------------------------------  
../DTS   -in   input.dts   -top   top.top   -restart   dts.res   
;--------- this part can be used as an input.dts file ---------------------------------  
 Run_Tag = dts
;-- abstract classes
Integrator_Type = MC_Simulation
 Min_Max_Lenghts = 1 3
 MinfaceAngle = -0.5
 Temprature = 1 0
 Box_Centering_F = 0
 Set_Steps = 50001 50000
Boundary = PBC
VertexPositionIntegrator = MetropolisAlgorithmOpenMP 1 1 0.05
AlexanderMove = MetropolisAlgorithmOpenMP 0.3
InclusionPoseIntegrator = MetropolisAlgorithm 1 1
VectorFieldsRotation = MetropolisAlgorithm 1 0.1
NonbinaryTrajectory = TSI TrajTSI 1000
BinaryTrajectory = NoFile
VisualizationFormat = VTUFileFormat VTU_F 1000
CurvatureMethod = ShapeOperator_1
EnergyMethod = FreeDTS1.0_FF
 Kappa = 10 0 0
 Edge_Parameters = 0 0 0
 VertexArea = 0 0 0 0
ConstraintBetweenGroups = No
InclusionInducedForceOnVertex = No
VectorFieldsForceOnVertex = No
ForceOnVertices = No
ExternalFieldOnVectorFields = No
ExternalFieldOnInclusions = No
InclusionConversion = No
VertexAdhesionToSubstrate = No
VolumeCoupling = No
GlobalCurvatureCoupling = No
TotalAreaCoupling = HarmonicPotential 0 0.34
Dynamic_Box = IsotropicFrameTensionOpenMP 1 3 XY
DynamicTopology = No
OpenEdgeEvolution = No
TimeSeriesData_Period = 100
Restart_Period  =  1000
;------------------------------------------  
; the total number of thread used in this run was: 10
;--------- this state is initiated by this command ---------------------------------  
../DTS   -in   input.dts   -top   top.top   -restart   dts.res   
;--------- this part can be used as an input.dts file ---------------------------------  
 Run_Tag = dts
;-- abstract classes
Integrator_Type = MC_Simulation
 Min_Max_Lenghts = 1 3
 MinfaceAngle = -0.5
 Temprature = 1 0
 Box_Centering_F = 0
 Set_Steps = 50001 50000
Boundary = PBC
VertexPositionIntegrator = MetropolisAlgorithmOpenMP 1 1 0.05
AlexanderMove = MetropolisAlgorithmOpenMP 0.3
InclusionPoseIntegrator = MetropolisAlgorithm 1 1
VectorFieldsRotation = MetropolisAlgorithm 1 0.1
NonbinaryTrajectory = TSI TrajTSI 1000
BinaryTrajectory = NoFile
VisualizationFormat = VTUFileFormat VTU_F 1000
CurvatureMethod = ShapeOperator_1
EnergyMethod = FreeDTS1.0_FF
 Kappa = 10 0 0
 Edge_Parameters = 0 0 0
 VertexArea = 0 0 0 0
ConstraintBetweenGroups = No
InclusionInducedForceOnVertex = No
VectorFieldsForceOnVertex = No
ForceOnVertices = No
ExternalFieldOnVectorFields = No
ExternalFieldOnInclusions = No
InclusionConversion = No
VertexAdhesionToSubstrate = No
VolumeCoupling = No
GlobalCurvatureCoupling = No
TotalAreaCoupling = HarmonicPotential 0 0.34
Dynamic_Box = IsotropicFrameTensionOpenMP 1 3 XY
DynamicTopology = No
OpenEdgeEvolution = No
TimeSeriesData_Period = 100
Restart_Period  =  1000
;------------------------------------------  
; the total number of thread used in this run was: 10
;--------- this state is initiated by this command ---------------------------------  
../DTS   -in   input.dts   -top   top.top   -restart   dts.res   -e   20000   
;--------- this part can be used as an input.dts file ---------------------------------  
 Run_Tag = dts
;-- abstract classes
Integrator_Type = MC_Simulation
 Min_Max_Lenghts = 1 3
 MinfaceAngle = -0.5
 Temprature = 1 0
 Box_Centering_F = 0
 Set_Steps = 50001 20000
Boundary = PBC
VertexPositionIntegrator = MetropolisAlgorithmOpenMP 1 1 0.05
AlexanderMove = MetropolisAlgorithmOpenMP 0.3
InclusionPoseIntegrator = MetropolisAlgorithm 1 1
VectorFieldsRotation = MetropolisAlgorithm 1 0.1
NonbinaryTrajectory = TSI TrajTSI 1000
BinaryTrajectory = NoFile
VisualizationFormat = VTUFileFormat VTU_F 1000
CurvatureMethod = ShapeOperator_1
EnergyMethod = FreeDTS1.0_FF
 Kappa = 10 0 0
 Edge_Parameters = 0 0 0
 VertexArea = 0 0 0 0
ConstraintBetweenGroups = No
InclusionInducedForceOnVertex = No
VectorFieldsForceOnVertex = No
ForceOnVertices = No
ExternalFieldOnVectorFields = No
ExternalFieldOnInclusions = No
InclusionConversion = No
VertexAdhesionToSubstrate = No
VolumeCoupling = No
GlobalCurvatureCoupling = No
TotalAreaCoupling = HarmonicPotential 0 0.34
Dynamic_Box = IsotropicFrameTensionOpenMP 1 3 XY
DynamicTopology = No
OpenEdgeEvolution = No
TimeSeriesData_Period = 100
Restart_Period  =  1000
;------------------------------------------  
; the total number of thread used in this run was: 10
;--------- this state is initiated by this command ---------------------------------  
../DTS   -in   input.dts   -top   top.top   -restart   dts.res   -e   70000   
;--------- this part can be used as an input.dts file ---------------------------------  
 Run_Tag = dts
;-- abstract classes
Integrator_Type = MC_Simulation
 Min_Max_Lenghts = 1 3
 MinfaceAngle = -0.5
 Temprature = 1 0
 Box_Centering_F = 0
 Set_Steps = 50001 70000
Boundary = PBC
VertexPositionIntegrator = MetropolisAlgorithmOpenMP 1 1 0.05
AlexanderMove = MetropolisAlgorithmOpenMP 0.3
InclusionPoseIntegrator = MetropolisAlgorithm 1 1
VectorFieldsRotation = MetropolisAlgorithm 1 0.1
NonbinaryTrajectory = TSI TrajTSI 1000
BinaryTrajectory = NoFile
VisualizationFormat = VTUFileFormat VTU_F 1000
CurvatureMethod = ShapeOperator_1
EnergyMethod = FreeDTS1.0_FF
 Kappa = 10 0 0
 Edge_Parameters = 0 0 0
 VertexArea = 0 0 0 0
ConstraintBetweenGroups = No
InclusionInducedForceOnVertex = No
VectorFieldsForceOnVertex = No
ForceOnVertices = No
ExternalFieldOnVectorFields = No
ExternalFieldOnInclusions = No
InclusionConversion = No
VertexAdhesionToSubstrate = No
VolumeCoupling = No
GlobalCurvatureCoupling = No
TotalAreaCoupling = HarmonicPotential 0 0.34
Dynamic_Box = IsotropicFrameTensionOpenMP 1 3 XY
DynamicTopology = No
OpenEdgeEvolution = No
TimeSeriesData_Period = 100
Restart_Period  =  1000
;------------------------------------------  
; the total number of thread used in this run was: 10
;--------- this state is initiated by this command ---------------------------------  
../DTS   -in   input.dts   -top   top.top   -restart   dts.res   -e   100000   
;--------- this part can be used as an input.dts file ---------------------------------  
 Run_Tag = dts
;-- abstract classes
Integrator_Type = MC_Simulation
 Min_Max_Lenghts = 1 3
 MinfaceAngle = -0.5
 Temprature = 1 0
 Box_Centering_F = 0
 Set_Steps = 70001 100000
Boundary = PBC
VertexPositionIntegrator = MetropolisAlgorithmOpenMP 1 1 0.05
AlexanderMove = MetropolisAlgorithmOpenMP 0.3
InclusionPoseIntegrator = MetropolisAlgorithm 1 1
VectorFieldsRotation = MetropolisAlgorithm 1 0.1
NonbinaryTrajectory = TSI TrajTSI 1000
BinaryTrajectory = NoFile
VisualizationFormat = VTUFileFormat VTU_F 1000
CurvatureMethod = ShapeOperator_1
EnergyMethod = FreeDTS1.0_FF
 Kappa = 10 0 0
 Edge_Parameters = 0 0 0
 VertexArea = 0 0 0 0
ConstraintBetweenGroups = No
InclusionInducedForceOnVertex = No
VectorFieldsForceOnVertex = No
ForceOnVertices = No
ExternalFieldOnVectorFields = No
ExternalFieldOnInclusions = No
InclusionConversion = No
VertexAdhesionToSubstrate = No
VolumeCoupling = No
GlobalCurvatureCoupling = No
TotalAreaCoupling = HarmonicPotential 0 0.34
Dynamic_Box = IsotropicFrameTensionOpenMP 1 3 XY
DynamicTopology = No
OpenEdgeEvolution = No
TimeSeriesData_Period = 100
Restart_Period  =  1000
;------------------------------------------  
; the total number of thread used in this run was: 10
