; this file was generated by below command 
;  ../dts_src/DTS   -in   input.dts   -top   output10.tsi   
;------------------------------------------  
Integrator = MC_B
MC_Moves = 0  0  0  0  0
Initial_Step = 1
Final_Step = 1
MinfaceAngle = -0.5
OutPutEnergy_periodic = 100
Restart_periodic = 10000
TopologyFile = output10.tsi
Seed = 36723
Kappa = 10  0
Display_periodic = 1
CNTCELL = 2 2 2 
GeneralOutputFilename = output
Min_Max_LinkLenghtsSquare = 1  3
OutPutTRJ_TSI = 1000  10  TrjTSI  
OutPutTRJ_BTS = 0  1  dts.bts  
INCLUSION
Define 3 Inclusions 
 SRotation Type   K  KG KP KL C0 C0P C0L 
0  noinc  0    0    0    0    0    0    0  
1  Pro1  20    10    150    30    0    0    0  
2  Pro2  20    0    0    0    0    0    0  
